# JRE version: OpenJDK Runtime Environment (8.0_152-b06) (build 1.8.0_152-release-1136-b06)
# Java VM: OpenJDK 64-Bit Server VM (25.152-b06 mixed mode linux-amd64 compressed oops)
Heap:
 PSYoungGen      total 292352K, used 28151K [0x00000000e0000000, 0x00000000f7800000, 0x0000000100000000)
  eden space 264192K, 0% used [0x00000000e0000000,0x00000000e0000000,0x00000000f0200000)
  from space 28160K, 99% used [0x00000000f5c80000,0x00000000f77fdd50,0x00000000f7800000)
  to   space 27648K, 0% used [0x00000000f0200000,0x00000000f0200000,0x00000000f1d00000)
 ParOldGen       total 83968K, used 65978K [0x00000000a0000000, 0x00000000a5200000, 0x00000000e0000000)
  object space 83968K, 78% used [0x00000000a0000000,0x00000000a406ebe8,0x00000000a5200000)
 Metaspace       used 74235K, capacity 76818K, committed 77144K, reserved 1116160K
  class space    used 9688K, capacity 10266K, committed 10368K, reserved 1048576K
GC Heap History (10 events):
Event: 21,447 GC heap after
Heap after GC invocations=16 (full 3):
 PSYoungGen      total 187392K, used 1472K [0x00000000e0000000, 0x00000000eef00000, 0x0000000100000000)
  eden space 170496K, 0% used [0x00000000e0000000,0x00000000e0000000,0x00000000ea680000)
  from space 16896K, 8% used [0x00000000ea680000,0x00000000ea7f0010,0x00000000eb700000)
  to   space 17408K, 0% used [0x00000000ede00000,0x00000000ede00000,0x00000000eef00000)
 ParOldGen       total 83968K, used 33542K [0x00000000a0000000, 0x00000000a5200000, 0x00000000e0000000)
  object space 83968K, 39% used [0x00000000a0000000,0x00000000a20c1b80,0x00000000a5200000)
 Metaspace       used 57523K, capacity 59218K, committed 59412K, reserved 1099776K
  class space    used 7798K, capacity 8214K, committed 8320K, reserved 1048576K
}
Event: 24,015 GC heap before
{Heap before GC invocations=17 (full 3):
 PSYoungGen      total 187392K, used 171968K [0x00000000e0000000, 0x00000000eef00000, 0x0000000100000000)
  eden space 170496K, 100% used [0x00000000e0000000,0x00000000ea680000,0x00000000ea680000)
  from space 16896K, 8% used [0x00000000ea680000,0x00000000ea7f0010,0x00000000eb700000)
  to   space 17408K, 0% used [0x00000000ede00000,0x00000000ede00000,0x00000000eef00000)
 ParOldGen       total 83968K, used 33542K [0x00000000a0000000, 0x00000000a5200000, 0x00000000e0000000)
  object space 83968K, 39% used [0x00000000a0000000,0x00000000a20c1b80,0x00000000a5200000)
 Metaspace       used 63277K, capacity 65014K, committed 65240K, reserved 1105920K
  class space    used 8431K, capacity 8890K, committed 8960K, reserved 1048576K
Event: 24,050 GC heap after
Heap after GC invocations=17 (full 3):
 PSYoungGen      total 226816K, used 11343K [0x00000000e0000000, 0x00000000ef100000, 0x0000000100000000)
  eden space 209408K, 0% used [0x00000000e0000000,0x00000000e0000000,0x00000000ecc80000)
  from space 17408K, 65% used [0x00000000ede00000,0x00000000ee913da8,0x00000000eef00000)
  to   space 17920K, 0% used [0x00000000ecc80000,0x00000000ecc80000,0x00000000ede00000)
 ParOldGen       total 83968K, used 33558K [0x00000000a0000000, 0x00000000a5200000, 0x00000000e0000000)
  object space 83968K, 39% used [0x00000000a0000000,0x00000000a20c5b80,0x00000000a5200000)
 Metaspace       used 63277K, capacity 65014K, committed 65240K, reserved 1105920K
  class space    used 8431K, capacity 8890K, committed 8960K, reserved 1048576K
}
Event: 27,083 GC heap before
{Heap before GC invocations=18 (full 3):
 PSYoungGen      total 226816K, used 220751K [0x00000000e0000000, 0x00000000ef100000, 0x0000000100000000)
  eden space 209408K, 100% used [0x00000000e0000000,0x00000000ecc80000,0x00000000ecc80000)
  from space 17408K, 65% used [0x00000000ede00000,0x00000000ee913da8,0x00000000eef00000)
  to   space 17920K, 0% used [0x00000000ecc80000,0x00000000ecc80000,0x00000000ede00000)
 ParOldGen       total 83968K, used 33558K [0x00000000a0000000, 0x00000000a5200000, 0x00000000e0000000)
  object space 83968K, 39% used [0x00000000a0000000,0x00000000a20c5b80,0x00000000a5200000)
 Metaspace       used 72348K, capacity 74732K, committed 74968K, reserved 1114112K
  class space    used 9571K, capacity 10125K, committed 10240K, reserved 1048576K
Event: 27,156 GC heap after
Heap after GC invocations=18 (full 3):
 PSYoungGen      total 227328K, used 17895K [0x00000000e0000000, 0x00000000f3600000, 0x0000000100000000)
  eden space 209408K, 0% used [0x00000000e0000000,0x00000000e0000000,0x00000000ecc80000)
  from space 17920K, 99% used [0x00000000ecc80000,0x00000000eddf9d18,0x00000000ede00000)
  to   space 25600K, 0% used [0x00000000f1d00000,0x00000000f1d00000,0x00000000f3600000)
 ParOldGen       total 83968K, used 46411K [0x00000000a0000000, 0x00000000a5200000, 0x00000000e0000000)
  object space 83968K, 55% used [0x00000000a0000000,0x00000000a2d52c78,0x00000000a5200000)
 Metaspace       used 72348K, capacity 74732K, committed 74968K, reserved 1114112K
  class space    used 9571K, capacity 10125K, committed 10240K, reserved 1048576K
}
Event: 28,806 GC heap before
{Heap before GC invocations=19 (full 3):
 PSYoungGen      total 227328K, used 227303K [0x00000000e0000000, 0x00000000f3600000, 0x0000000100000000)
  eden space 209408K, 100% used [0x00000000e0000000,0x00000000ecc80000,0x00000000ecc80000)
  from space 17920K, 99% used [0x00000000ecc80000,0x00000000eddf9d18,0x00000000ede00000)
  to   space 25600K, 0% used [0x00000000f1d00000,0x00000000f1d00000,0x00000000f3600000)
 ParOldGen       total 83968K, used 46411K [0x00000000a0000000, 0x00000000a5200000, 0x00000000e0000000)
  object space 83968K, 55% used [0x00000000a0000000,0x00000000a2d52c78,0x00000000a5200000)
 Metaspace       used 73019K, capacity 75402K, committed 75736K, reserved 1114112K
  class space    used 9608K, capacity 10160K, committed 10240K, reserved 1048576K
Event: 28,879 GC heap after
Heap after GC invocations=19 (full 3):
 PSYoungGen      total 289792K, used 20802K [0x00000000e0000000, 0x00000000f4580000, 0x0000000100000000)
  eden space 264192K, 0% used [0x00000000e0000000,0x00000000e0000000,0x00000000f0200000)
  from space 25600K, 81% used [0x00000000f1d00000,0x00000000f3150818,0x00000000f3600000)
  to   space 27648K, 0% used [0x00000000f0200000,0x00000000f0200000,0x00000000f1d00000)
 ParOldGen       total 83968K, used 46419K [0x00000000a0000000, 0x00000000a5200000, 0x00000000e0000000)
  object space 83968K, 55% used [0x00000000a0000000,0x00000000a2d54c78,0x00000000a5200000)
 Metaspace       used 73019K, capacity 75402K, committed 75736K, reserved 1114112K
  class space    used 9608K, capacity 10160K, committed 10240K, reserved 1048576K
}
Event: 30,579 GC heap before
{Heap before GC invocations=20 (full 3):
 PSYoungGen      total 289792K, used 284994K [0x00000000e0000000, 0x00000000f4580000, 0x0000000100000000)
  eden space 264192K, 100% used [0x00000000e0000000,0x00000000f0200000,0x00000000f0200000)
  from space 25600K, 81% used [0x00000000f1d00000,0x00000000f3150818,0x00000000f3600000)
  to   space 27648K, 0% used [0x00000000f0200000,0x00000000f0200000,0x00000000f1d00000)
 ParOldGen       total 83968K, used 46419K [0x00000000a0000000, 0x00000000a5200000, 0x00000000e0000000)
  object space 83968K, 55% used [0x00000000a0000000,0x00000000a2d54c78,0x00000000a5200000)
 Metaspace       used 73414K, capacity 75834K, committed 75992K, reserved 1116160K
  class space    used 9618K, capacity 10162K, committed 10240K, reserved 1048576K
Event: 30,661 GC heap after
Heap after GC invocations=20 (full 3):
 PSYoungGen      total 291840K, used 16150K [0x00000000e0000000, 0x00000000f7800000, 0x0000000100000000)
  eden space 264192K, 0% used [0x00000000e0000000,0x00000000e0000000,0x00000000f0200000)
  from space 27648K, 58% used [0x00000000f0200000,0x00000000f11c5838,0x00000000f1d00000)
  to   space 28160K, 0% used [0x00000000f5c80000,0x00000000f5c80000,0x00000000f7800000)
 ParOldGen       total 83968K, used 51083K [0x00000000a0000000, 0x00000000a5200000, 0x00000000e0000000)
  object space 83968K, 60% used [0x00000000a0000000,0x00000000a31e2c58,0x00000000a5200000)
 Metaspace       used 73414K, capacity 75834K, committed 75992K, reserved 1116160K
  class space    used 9618K, capacity 10162K, committed 10240K, reserved 1048576K
}
Event: 124,965 GC heap before
{Heap before GC invocations=21 (full 3):
 PSYoungGen      total 291840K, used 280342K [0x00000000e0000000, 0x00000000f7800000, 0x0000000100000000)
  eden space 264192K, 100% used [0x00000000e0000000,0x00000000f0200000,0x00000000f0200000)
  from space 27648K, 58% used [0x00000000f0200000,0x00000000f11c5838,0x00000000f1d00000)
  to   space 28160K, 0% used [0x00000000f5c80000,0x00000000f5c80000,0x00000000f7800000)
 ParOldGen       total 83968K, used 51083K [0x00000000a0000000, 0x00000000a5200000, 0x00000000e0000000)
  object space 83968K, 60% used [0x00000000a0000000,0x00000000a31e2c58,0x00000000a5200000)
 Metaspace       used 74235K, capacity 76818K, committed 77144K, reserved 1116160K
  class space    used 9688K, capacity 10266K, committed 10368K, reserved 1048576K

